/Users/sbusso/.rvm/gems/ruby-1.9.3-p0/gems/daemon-spawn-0.4.2/lib/daemon_spawn.rb:120:in `stop': You must implement a 'stop' method in your class! (RuntimeError)
	from /Users/sbusso/.rvm/gems/ruby-1.9.3-p0/gems/daemon-spawn-0.4.2/lib/daemon_spawn.rb:50:in `block (2 levels) in start'
	from /Users/sbusso/.rvm/gems/ruby-1.9.3-p0/gems/eventmachine-1.0.0.beta.4/lib/eventmachine.rb:179:in `call'
	from /Users/sbusso/.rvm/gems/ruby-1.9.3-p0/gems/eventmachine-1.0.0.beta.4/lib/eventmachine.rb:179:in `run_machine'
	from /Users/sbusso/.rvm/gems/ruby-1.9.3-p0/gems/eventmachine-1.0.0.beta.4/lib/eventmachine.rb:179:in `run'
	from lib/twitter_streamer/pool.rb:10:in `start'
	from /Users/sbusso/.rvm/gems/ruby-1.9.3-p0/gems/daemon-spawn-0.4.2/lib/daemon_spawn.rb:51:in `block in start'
	from /Users/sbusso/.rvm/gems/ruby-1.9.3-p0/gems/daemon-spawn-0.4.2/lib/daemon_spawn.rb:38:in `fork'
	from /Users/sbusso/.rvm/gems/ruby-1.9.3-p0/gems/daemon-spawn-0.4.2/lib/daemon_spawn.rb:38:in `start'
	from /Users/sbusso/.rvm/gems/ruby-1.9.3-p0/gems/daemon-spawn-0.4.2/lib/daemon_spawn.rb:181:in `block in start'
	from /Users/sbusso/.rvm/gems/ruby-1.9.3-p0/gems/daemon-spawn-0.4.2/lib/daemon_spawn.rb:181:in `map'
	from /Users/sbusso/.rvm/gems/ruby-1.9.3-p0/gems/daemon-spawn-0.4.2/lib/daemon_spawn.rb:181:in `start'
	from /Users/sbusso/.rvm/gems/ruby-1.9.3-p0/gems/daemon-spawn-0.4.2/lib/daemon_spawn.rb:165:in `spawn!'
	from lib/twitter_streamer/pool.rb:23:in `<main>'
MONGODB [DEBUG] Please note that logging negatively impacts client-side performance. You should set your logging level no lower than :info in production.
MONGODB (0ms) admin['$cmd'].find({:ismaster=>1}).limit(-1)
/Users/sbusso/.rvm/gems/ruby-1.9.3-p0/gems/mongo-1.6.0/lib/mongo/util/support.rb:49:in `validate_db_name': db_name must be a string or symbol (TypeError)
	from /Users/sbusso/.rvm/gems/ruby-1.9.3-p0/gems/mongo-1.6.0/lib/mongo/db.rb:80:in `initialize'
	from /Users/sbusso/.rvm/gems/ruby-1.9.3-p0/gems/mongo-1.6.0/lib/mongo/connection.rb:301:in `new'
	from /Users/sbusso/.rvm/gems/ruby-1.9.3-p0/gems/mongo-1.6.0/lib/mongo/connection.rb:301:in `db'
	from /Users/sbusso/.rvm/gems/ruby-1.9.3-p0/gems/mongoid-2.4.5/lib/mongoid/config/database.rb:22:in `configure'
	from /Users/sbusso/.rvm/gems/ruby-1.9.3-p0/gems/mongoid-2.4.5/lib/mongoid/config.rb:273:in `configure_databases'
	from /Users/sbusso/.rvm/gems/ruby-1.9.3-p0/gems/mongoid-2.4.5/lib/mongoid/config.rb:206:in `master'
	from /Users/sbusso/.rvm/gems/ruby-1.9.3-p0/gems/mongoid-2.4.5/lib/mongoid.rb:147:in `master'
	from /Users/sbusso/.rvm/gems/ruby-1.9.3-p0/gems/mongoid-2.4.5/lib/mongoid/collection.rb:126:in `master'
	from /Users/sbusso/.rvm/gems/ruby-1.9.3-p0/gems/mongoid-2.4.5/lib/mongoid/collection.rb:60:in `find_one'
	from /Users/sbusso/.rvm/gems/ruby-1.9.3-p0/gems/mongoid-2.4.5/lib/mongoid/contexts/mongo.rb:205:in `first'
	from /Users/sbusso/.rvm/gems/ruby-1.9.3-p0/gems/mongoid-2.4.5/lib/mongoid/criteria.rb:45:in `one'
	from /Users/sbusso/.rvm/gems/ruby-1.9.3-p0/gems/mongoid-2.4.5/lib/mongoid/criterion/inclusion.rb:127:in `find'
	from /Users/sbusso/.rvm/gems/ruby-1.9.3-p0/gems/mongoid-2.4.5/lib/mongoid/finders.rb:84:in `find'
	from /Users/sbusso/.rvm/gems/ruby-1.9.3-p0/gems/mongoid-2.4.5/lib/mongoid/finders.rb:122:in `first'
	from lib/twitter_streamer/pool.rb:14:in `start'
	from /Users/sbusso/.rvm/gems/ruby-1.9.3-p0/gems/daemon-spawn-0.4.2/lib/daemon_spawn.rb:51:in `block in start'
	from /Users/sbusso/.rvm/gems/ruby-1.9.3-p0/gems/daemon-spawn-0.4.2/lib/daemon_spawn.rb:38:in `fork'
	from /Users/sbusso/.rvm/gems/ruby-1.9.3-p0/gems/daemon-spawn-0.4.2/lib/daemon_spawn.rb:38:in `start'
	from /Users/sbusso/.rvm/gems/ruby-1.9.3-p0/gems/daemon-spawn-0.4.2/lib/daemon_spawn.rb:181:in `block in start'
	from /Users/sbusso/.rvm/gems/ruby-1.9.3-p0/gems/daemon-spawn-0.4.2/lib/daemon_spawn.rb:181:in `map'
	from /Users/sbusso/.rvm/gems/ruby-1.9.3-p0/gems/daemon-spawn-0.4.2/lib/daemon_spawn.rb:181:in `start'
	from /Users/sbusso/.rvm/gems/ruby-1.9.3-p0/gems/daemon-spawn-0.4.2/lib/daemon_spawn.rb:165:in `spawn!'
	from lib/twitter_streamer/pool.rb:38:in `<main>'
MONGODB [DEBUG] Please note that logging negatively impacts client-side performance. You should set your logging level no lower than :info in production.
MONGODB (0ms) admin['$cmd'].find({:ismaster=>1}).limit(-1)
/Users/sbusso/.rvm/gems/ruby-1.9.3-p0/gems/mongo-1.6.0/lib/mongo/util/support.rb:49:in `validate_db_name': db_name must be a string or symbol (TypeError)
	from /Users/sbusso/.rvm/gems/ruby-1.9.3-p0/gems/mongo-1.6.0/lib/mongo/db.rb:80:in `initialize'
	from /Users/sbusso/.rvm/gems/ruby-1.9.3-p0/gems/mongo-1.6.0/lib/mongo/connection.rb:301:in `new'
	from /Users/sbusso/.rvm/gems/ruby-1.9.3-p0/gems/mongo-1.6.0/lib/mongo/connection.rb:301:in `db'
	from /Users/sbusso/.rvm/gems/ruby-1.9.3-p0/gems/mongoid-2.4.5/lib/mongoid/config/database.rb:22:in `configure'
	from /Users/sbusso/.rvm/gems/ruby-1.9.3-p0/gems/mongoid-2.4.5/lib/mongoid/config.rb:273:in `configure_databases'
	from /Users/sbusso/.rvm/gems/ruby-1.9.3-p0/gems/mongoid-2.4.5/lib/mongoid/config.rb:206:in `master'
	from /Users/sbusso/.rvm/gems/ruby-1.9.3-p0/gems/mongoid-2.4.5/lib/mongoid.rb:147:in `master'
	from /Users/sbusso/.rvm/gems/ruby-1.9.3-p0/gems/mongoid-2.4.5/lib/mongoid/collection.rb:126:in `master'
	from /Users/sbusso/.rvm/gems/ruby-1.9.3-p0/gems/mongoid-2.4.5/lib/mongoid/collection.rb:60:in `find_one'
	from /Users/sbusso/.rvm/gems/ruby-1.9.3-p0/gems/mongoid-2.4.5/lib/mongoid/contexts/mongo.rb:205:in `first'
	from /Users/sbusso/.rvm/gems/ruby-1.9.3-p0/gems/mongoid-2.4.5/lib/mongoid/criteria.rb:45:in `one'
	from /Users/sbusso/.rvm/gems/ruby-1.9.3-p0/gems/mongoid-2.4.5/lib/mongoid/criterion/inclusion.rb:127:in `find'
	from /Users/sbusso/.rvm/gems/ruby-1.9.3-p0/gems/mongoid-2.4.5/lib/mongoid/finders.rb:84:in `find'
	from /Users/sbusso/.rvm/gems/ruby-1.9.3-p0/gems/mongoid-2.4.5/lib/mongoid/finders.rb:122:in `first'
	from lib/twitter_streamer/pool.rb:14:in `start'
	from /Users/sbusso/.rvm/gems/ruby-1.9.3-p0/gems/daemon-spawn-0.4.2/lib/daemon_spawn.rb:51:in `block in start'
	from /Users/sbusso/.rvm/gems/ruby-1.9.3-p0/gems/daemon-spawn-0.4.2/lib/daemon_spawn.rb:38:in `fork'
	from /Users/sbusso/.rvm/gems/ruby-1.9.3-p0/gems/daemon-spawn-0.4.2/lib/daemon_spawn.rb:38:in `start'
	from /Users/sbusso/.rvm/gems/ruby-1.9.3-p0/gems/daemon-spawn-0.4.2/lib/daemon_spawn.rb:181:in `block in start'
	from /Users/sbusso/.rvm/gems/ruby-1.9.3-p0/gems/daemon-spawn-0.4.2/lib/daemon_spawn.rb:181:in `map'
	from /Users/sbusso/.rvm/gems/ruby-1.9.3-p0/gems/daemon-spawn-0.4.2/lib/daemon_spawn.rb:181:in `start'
	from /Users/sbusso/.rvm/gems/ruby-1.9.3-p0/gems/daemon-spawn-0.4.2/lib/daemon_spawn.rb:165:in `spawn!'
	from lib/twitter_streamer/pool.rb:39:in `<main>'
MONGODB [DEBUG] Please note that logging negatively impacts client-side performance. You should set your logging level no lower than :info in production.
MONGODB (0ms) admin['$cmd'].find({:ismaster=>1}).limit(-1)
/Users/sbusso/.rvm/gems/ruby-1.9.3-p0/gems/mongo-1.6.0/lib/mongo/util/support.rb:49:in `validate_db_name': db_name must be a string or symbol (TypeError)
	from /Users/sbusso/.rvm/gems/ruby-1.9.3-p0/gems/mongo-1.6.0/lib/mongo/db.rb:80:in `initialize'
	from /Users/sbusso/.rvm/gems/ruby-1.9.3-p0/gems/mongo-1.6.0/lib/mongo/connection.rb:301:in `new'
	from /Users/sbusso/.rvm/gems/ruby-1.9.3-p0/gems/mongo-1.6.0/lib/mongo/connection.rb:301:in `db'
	from /Users/sbusso/.rvm/gems/ruby-1.9.3-p0/gems/mongoid-2.4.5/lib/mongoid/config/database.rb:22:in `configure'
	from /Users/sbusso/.rvm/gems/ruby-1.9.3-p0/gems/mongoid-2.4.5/lib/mongoid/config.rb:273:in `configure_databases'
	from /Users/sbusso/.rvm/gems/ruby-1.9.3-p0/gems/mongoid-2.4.5/lib/mongoid/config.rb:206:in `master'
	from /Users/sbusso/.rvm/gems/ruby-1.9.3-p0/gems/mongoid-2.4.5/lib/mongoid.rb:147:in `master'
	from /Users/sbusso/.rvm/gems/ruby-1.9.3-p0/gems/mongoid-2.4.5/lib/mongoid/collection.rb:126:in `master'
	from /Users/sbusso/.rvm/gems/ruby-1.9.3-p0/gems/mongoid-2.4.5/lib/mongoid/collection.rb:60:in `find_one'
	from /Users/sbusso/.rvm/gems/ruby-1.9.3-p0/gems/mongoid-2.4.5/lib/mongoid/contexts/mongo.rb:205:in `first'
	from /Users/sbusso/.rvm/gems/ruby-1.9.3-p0/gems/mongoid-2.4.5/lib/mongoid/criteria.rb:45:in `one'
	from /Users/sbusso/.rvm/gems/ruby-1.9.3-p0/gems/mongoid-2.4.5/lib/mongoid/criterion/inclusion.rb:127:in `find'
	from /Users/sbusso/.rvm/gems/ruby-1.9.3-p0/gems/mongoid-2.4.5/lib/mongoid/finders.rb:84:in `find'
	from /Users/sbusso/.rvm/gems/ruby-1.9.3-p0/gems/mongoid-2.4.5/lib/mongoid/finders.rb:122:in `first'
	from lib/twitter_streamer/pool.rb:14:in `start'
	from /Users/sbusso/.rvm/gems/ruby-1.9.3-p0/gems/daemon-spawn-0.4.2/lib/daemon_spawn.rb:51:in `block in start'
	from /Users/sbusso/.rvm/gems/ruby-1.9.3-p0/gems/daemon-spawn-0.4.2/lib/daemon_spawn.rb:38:in `fork'
	from /Users/sbusso/.rvm/gems/ruby-1.9.3-p0/gems/daemon-spawn-0.4.2/lib/daemon_spawn.rb:38:in `start'
	from /Users/sbusso/.rvm/gems/ruby-1.9.3-p0/gems/daemon-spawn-0.4.2/lib/daemon_spawn.rb:181:in `block in start'
	from /Users/sbusso/.rvm/gems/ruby-1.9.3-p0/gems/daemon-spawn-0.4.2/lib/daemon_spawn.rb:181:in `map'
	from /Users/sbusso/.rvm/gems/ruby-1.9.3-p0/gems/daemon-spawn-0.4.2/lib/daemon_spawn.rb:181:in `start'
	from /Users/sbusso/.rvm/gems/ruby-1.9.3-p0/gems/daemon-spawn-0.4.2/lib/daemon_spawn.rb:165:in `spawn!'
	from lib/twitter_streamer/pool.rb:40:in `<main>'
16545
lib/twitter_streamer/pool.rb:26:in `block in start': undefined method `wait' for #<TwitterStreamer::Pool:0x007f9b8c3c2330> (NoMethodError)
	from /Users/sbusso/.rvm/gems/ruby-1.9.3-p0/gems/eventmachine-1.0.0.beta.4/lib/eventmachine.rb:179:in `call'
	from /Users/sbusso/.rvm/gems/ruby-1.9.3-p0/gems/eventmachine-1.0.0.beta.4/lib/eventmachine.rb:179:in `run_machine'
	from /Users/sbusso/.rvm/gems/ruby-1.9.3-p0/gems/eventmachine-1.0.0.beta.4/lib/eventmachine.rb:179:in `run'
	from lib/twitter_streamer/pool.rb:21:in `start'
	from /Users/sbusso/.rvm/gems/ruby-1.9.3-p0/gems/daemon-spawn-0.4.2/lib/daemon_spawn.rb:51:in `block in start'
	from /Users/sbusso/.rvm/gems/ruby-1.9.3-p0/gems/daemon-spawn-0.4.2/lib/daemon_spawn.rb:38:in `fork'
	from /Users/sbusso/.rvm/gems/ruby-1.9.3-p0/gems/daemon-spawn-0.4.2/lib/daemon_spawn.rb:38:in `start'
	from /Users/sbusso/.rvm/gems/ruby-1.9.3-p0/gems/daemon-spawn-0.4.2/lib/daemon_spawn.rb:181:in `block in start'
	from /Users/sbusso/.rvm/gems/ruby-1.9.3-p0/gems/daemon-spawn-0.4.2/lib/daemon_spawn.rb:181:in `map'
	from /Users/sbusso/.rvm/gems/ruby-1.9.3-p0/gems/daemon-spawn-0.4.2/lib/daemon_spawn.rb:181:in `start'
	from /Users/sbusso/.rvm/gems/ruby-1.9.3-p0/gems/daemon-spawn-0.4.2/lib/daemon_spawn.rb:165:in `spawn!'
	from lib/twitter_streamer/pool.rb:43:in `<main>'
/Users/sbusso/.rvm/gems/ruby-1.9.3-p0/gems/eventmachine-1.0.0.beta.4/lib/eventmachine.rb:516:in `start_tcp_server': no acceptor (port is in use or requires root privileges) (RuntimeError)
	from /Users/sbusso/.rvm/gems/ruby-1.9.3-p0/gems/eventmachine-1.0.0.beta.4/lib/eventmachine.rb:516:in `start_server'
	from lib/twitter_streamer/pool.rb:40:in `block in start'
	from /Users/sbusso/.rvm/gems/ruby-1.9.3-p0/gems/eventmachine-1.0.0.beta.4/lib/eventmachine.rb:179:in `call'
	from /Users/sbusso/.rvm/gems/ruby-1.9.3-p0/gems/eventmachine-1.0.0.beta.4/lib/eventmachine.rb:179:in `run_machine'
	from /Users/sbusso/.rvm/gems/ruby-1.9.3-p0/gems/eventmachine-1.0.0.beta.4/lib/eventmachine.rb:179:in `run'
	from lib/twitter_streamer/pool.rb:35:in `start'
	from /Users/sbusso/.rvm/gems/ruby-1.9.3-p0/gems/daemon-spawn-0.4.2/lib/daemon_spawn.rb:51:in `block in start'
	from /Users/sbusso/.rvm/gems/ruby-1.9.3-p0/gems/daemon-spawn-0.4.2/lib/daemon_spawn.rb:38:in `fork'
	from /Users/sbusso/.rvm/gems/ruby-1.9.3-p0/gems/daemon-spawn-0.4.2/lib/daemon_spawn.rb:38:in `start'
	from /Users/sbusso/.rvm/gems/ruby-1.9.3-p0/gems/daemon-spawn-0.4.2/lib/daemon_spawn.rb:181:in `block in start'
	from /Users/sbusso/.rvm/gems/ruby-1.9.3-p0/gems/daemon-spawn-0.4.2/lib/daemon_spawn.rb:181:in `map'
	from /Users/sbusso/.rvm/gems/ruby-1.9.3-p0/gems/daemon-spawn-0.4.2/lib/daemon_spawn.rb:181:in `start'
	from /Users/sbusso/.rvm/gems/ruby-1.9.3-p0/gems/daemon-spawn-0.4.2/lib/daemon_spawn.rb:165:in `spawn!'
	from lib/twitter_streamer/pool.rb:57:in `<main>'
lib/twitter_streamer/pool.rb:49:in `kill': no implicit conversion from nil to integer (TypeError)
	from lib/twitter_streamer/pool.rb:49:in `block in stop'
	from /Users/sbusso/.rvm/gems/ruby-1.9.3-p0/gems/mongoid-2.4.5/lib/mongoid/contexts/mongo.rb:261:in `block in iterate'
	from /Users/sbusso/.rvm/gems/ruby-1.9.3-p0/gems/mongoid-2.4.5/lib/mongoid/cursor.rb:50:in `block in each'
	from /Users/sbusso/.rvm/gems/ruby-1.9.3-p0/gems/mongoid-2.4.5/lib/mongoid/collections/retry.rb:29:in `retry_on_connection_failure'
	from /Users/sbusso/.rvm/gems/ruby-1.9.3-p0/gems/mongoid-2.4.5/lib/mongoid/cursor.rb:48:in `each'
	from /Users/sbusso/.rvm/gems/ruby-1.9.3-p0/gems/mongoid-2.4.5/lib/mongoid/contexts/mongo.rb:261:in `iterate'
	from /Users/sbusso/.rvm/gems/ruby-1.9.3-p0/gems/mongoid-2.4.5/lib/mongoid/criteria.rb:145:in `block in each'
	from /Users/sbusso/.rvm/gems/ruby-1.9.3-p0/gems/mongoid-2.4.5/lib/mongoid/criteria.rb:145:in `tap'
	from /Users/sbusso/.rvm/gems/ruby-1.9.3-p0/gems/mongoid-2.4.5/lib/mongoid/criteria.rb:145:in `each'
	from lib/twitter_streamer/pool.rb:48:in `stop'
	from /Users/sbusso/.rvm/gems/ruby-1.9.3-p0/gems/daemon-spawn-0.4.2/lib/daemon_spawn.rb:50:in `block (2 levels) in start'
	from /Users/sbusso/.rvm/gems/ruby-1.9.3-p0/gems/eventmachine-1.0.0.beta.4/lib/eventmachine.rb:179:in `call'
	from /Users/sbusso/.rvm/gems/ruby-1.9.3-p0/gems/eventmachine-1.0.0.beta.4/lib/eventmachine.rb:179:in `run_machine'
	from /Users/sbusso/.rvm/gems/ruby-1.9.3-p0/gems/eventmachine-1.0.0.beta.4/lib/eventmachine.rb:179:in `run'
	from /Users/sbusso/.rvm/gems/ruby-1.9.3-p0/gems/tweetstream-1.1.4/lib/tweetstream/client.rb:316:in `start'
	from /Users/sbusso/.rvm/gems/ruby-1.9.3-p0/gems/tweetstream-1.1.4/lib/tweetstream/client.rb:127:in `userstream'
	from /Users/sbusso/Dropbox/workspace/twitter_streamer/lib/twitter_streamer/worker.rb:49:in `perform'
	from /Users/sbusso/Dropbox/workspace/twitter_streamer/lib/twitter_streamer/worker.rb:53:in `block in start'
	from /Users/sbusso/Dropbox/workspace/twitter_streamer/lib/twitter_streamer/worker.rb:53:in `fork'
	from /Users/sbusso/Dropbox/workspace/twitter_streamer/lib/twitter_streamer/worker.rb:53:in `start'
	from lib/twitter_streamer/pool.rb:31:in `block in start'
	from /Users/sbusso/.rvm/gems/ruby-1.9.3-p0/gems/mongoid-2.4.5/lib/mongoid/contexts/mongo.rb:261:in `block in iterate'
	from /Users/sbusso/.rvm/gems/ruby-1.9.3-p0/gems/mongoid-2.4.5/lib/mongoid/cursor.rb:50:in `block in each'
	from /Users/sbusso/.rvm/gems/ruby-1.9.3-p0/gems/mongoid-2.4.5/lib/mongoid/collections/retry.rb:29:in `retry_on_connection_failure'
	from /Users/sbusso/.rvm/gems/ruby-1.9.3-p0/gems/mongoid-2.4.5/lib/mongoid/cursor.rb:48:in `each'
	from /Users/sbusso/.rvm/gems/ruby-1.9.3-p0/gems/mongoid-2.4.5/lib/mongoid/contexts/mongo.rb:261:in `iterate'
	from /Users/sbusso/.rvm/gems/ruby-1.9.3-p0/gems/mongoid-2.4.5/lib/mongoid/criteria.rb:145:in `block in each'
	from /Users/sbusso/.rvm/gems/ruby-1.9.3-p0/gems/mongoid-2.4.5/lib/mongoid/criteria.rb:145:in `tap'
	from /Users/sbusso/.rvm/gems/ruby-1.9.3-p0/gems/mongoid-2.4.5/lib/mongoid/criteria.rb:145:in `each'
	from lib/twitter_streamer/pool.rb:30:in `start'
	from /Users/sbusso/.rvm/gems/ruby-1.9.3-p0/gems/daemon-spawn-0.4.2/lib/daemon_spawn.rb:51:in `block in start'
	from /Users/sbusso/.rvm/gems/ruby-1.9.3-p0/gems/daemon-spawn-0.4.2/lib/daemon_spawn.rb:38:in `fork'
	from /Users/sbusso/.rvm/gems/ruby-1.9.3-p0/gems/daemon-spawn-0.4.2/lib/daemon_spawn.rb:38:in `start'
	from /Users/sbusso/.rvm/gems/ruby-1.9.3-p0/gems/daemon-spawn-0.4.2/lib/daemon_spawn.rb:181:in `block in start'
	from /Users/sbusso/.rvm/gems/ruby-1.9.3-p0/gems/daemon-spawn-0.4.2/lib/daemon_spawn.rb:181:in `map'
	from /Users/sbusso/.rvm/gems/ruby-1.9.3-p0/gems/daemon-spawn-0.4.2/lib/daemon_spawn.rb:181:in `start'
	from /Users/sbusso/.rvm/gems/ruby-1.9.3-p0/gems/daemon-spawn-0.4.2/lib/daemon_spawn.rb:165:in `spawn!'
	from lib/twitter_streamer/pool.rb:57:in `<main>'
/Users/sbusso/.rvm/gems/ruby-1.9.3-p0/gems/eventmachine-1.0.0.beta.4/lib/eventmachine.rb:516:in `start_tcp_server': no acceptor (port is in use or requires root privileges) (RuntimeError)
	from /Users/sbusso/.rvm/gems/ruby-1.9.3-p0/gems/eventmachine-1.0.0.beta.4/lib/eventmachine.rb:516:in `start_server'
	from lib/twitter_streamer/pool.rb:40:in `block in start'
	from /Users/sbusso/.rvm/gems/ruby-1.9.3-p0/gems/eventmachine-1.0.0.beta.4/lib/eventmachine.rb:179:in `call'
	from /Users/sbusso/.rvm/gems/ruby-1.9.3-p0/gems/eventmachine-1.0.0.beta.4/lib/eventmachine.rb:179:in `run_machine'
	from /Users/sbusso/.rvm/gems/ruby-1.9.3-p0/gems/eventmachine-1.0.0.beta.4/lib/eventmachine.rb:179:in `run'
	from lib/twitter_streamer/pool.rb:35:in `start'
	from /Users/sbusso/.rvm/gems/ruby-1.9.3-p0/gems/daemon-spawn-0.4.2/lib/daemon_spawn.rb:51:in `block in start'
	from /Users/sbusso/.rvm/gems/ruby-1.9.3-p0/gems/daemon-spawn-0.4.2/lib/daemon_spawn.rb:38:in `fork'
	from /Users/sbusso/.rvm/gems/ruby-1.9.3-p0/gems/daemon-spawn-0.4.2/lib/daemon_spawn.rb:38:in `start'
	from /Users/sbusso/.rvm/gems/ruby-1.9.3-p0/gems/daemon-spawn-0.4.2/lib/daemon_spawn.rb:181:in `block in start'
	from /Users/sbusso/.rvm/gems/ruby-1.9.3-p0/gems/daemon-spawn-0.4.2/lib/daemon_spawn.rb:181:in `map'
	from /Users/sbusso/.rvm/gems/ruby-1.9.3-p0/gems/daemon-spawn-0.4.2/lib/daemon_spawn.rb:181:in `start'
	from /Users/sbusso/.rvm/gems/ruby-1.9.3-p0/gems/daemon-spawn-0.4.2/lib/daemon_spawn.rb:165:in `spawn!'
	from lib/twitter_streamer/pool.rb:57:in `<main>'
lib/twitter_streamer/pool.rb:49:in `kill': no implicit conversion from nil to integer (TypeError)
	from lib/twitter_streamer/pool.rb:49:in `block in stop'
	from /Users/sbusso/.rvm/gems/ruby-1.9.3-p0/gems/mongoid-2.4.5/lib/mongoid/contexts/mongo.rb:261:in `block in iterate'
	from /Users/sbusso/.rvm/gems/ruby-1.9.3-p0/gems/mongoid-2.4.5/lib/mongoid/cursor.rb:50:in `block in each'
	from /Users/sbusso/.rvm/gems/ruby-1.9.3-p0/gems/mongoid-2.4.5/lib/mongoid/collections/retry.rb:29:in `retry_on_connection_failure'
	from /Users/sbusso/.rvm/gems/ruby-1.9.3-p0/gems/mongoid-2.4.5/lib/mongoid/cursor.rb:48:in `each'
	from /Users/sbusso/.rvm/gems/ruby-1.9.3-p0/gems/mongoid-2.4.5/lib/mongoid/contexts/mongo.rb:261:in `iterate'
	from /Users/sbusso/.rvm/gems/ruby-1.9.3-p0/gems/mongoid-2.4.5/lib/mongoid/criteria.rb:145:in `block in each'
	from /Users/sbusso/.rvm/gems/ruby-1.9.3-p0/gems/mongoid-2.4.5/lib/mongoid/criteria.rb:145:in `tap'
	from /Users/sbusso/.rvm/gems/ruby-1.9.3-p0/gems/mongoid-2.4.5/lib/mongoid/criteria.rb:145:in `each'
	from lib/twitter_streamer/pool.rb:48:in `stop'
	from /Users/sbusso/.rvm/gems/ruby-1.9.3-p0/gems/daemon-spawn-0.4.2/lib/daemon_spawn.rb:50:in `block (2 levels) in start'
	from /Users/sbusso/.rvm/gems/ruby-1.9.3-p0/gems/eventmachine-1.0.0.beta.4/lib/eventmachine.rb:179:in `call'
	from /Users/sbusso/.rvm/gems/ruby-1.9.3-p0/gems/eventmachine-1.0.0.beta.4/lib/eventmachine.rb:179:in `run_machine'
	from /Users/sbusso/.rvm/gems/ruby-1.9.3-p0/gems/eventmachine-1.0.0.beta.4/lib/eventmachine.rb:179:in `run'
	from /Users/sbusso/.rvm/gems/ruby-1.9.3-p0/gems/tweetstream-1.1.4/lib/tweetstream/client.rb:316:in `start'
	from /Users/sbusso/.rvm/gems/ruby-1.9.3-p0/gems/tweetstream-1.1.4/lib/tweetstream/client.rb:127:in `userstream'
	from /Users/sbusso/Dropbox/workspace/twitter_streamer/lib/twitter_streamer/worker.rb:49:in `perform'
	from /Users/sbusso/Dropbox/workspace/twitter_streamer/lib/twitter_streamer/worker.rb:53:in `block in start'
	from /Users/sbusso/Dropbox/workspace/twitter_streamer/lib/twitter_streamer/worker.rb:53:in `fork'
	from /Users/sbusso/Dropbox/workspace/twitter_streamer/lib/twitter_streamer/worker.rb:53:in `start'
	from lib/twitter_streamer/pool.rb:31:in `block in start'
	from /Users/sbusso/.rvm/gems/ruby-1.9.3-p0/gems/mongoid-2.4.5/lib/mongoid/contexts/mongo.rb:261:in `block in iterate'
	from /Users/sbusso/.rvm/gems/ruby-1.9.3-p0/gems/mongoid-2.4.5/lib/mongoid/cursor.rb:50:in `block in each'
	from /Users/sbusso/.rvm/gems/ruby-1.9.3-p0/gems/mongoid-2.4.5/lib/mongoid/collections/retry.rb:29:in `retry_on_connection_failure'
	from /Users/sbusso/.rvm/gems/ruby-1.9.3-p0/gems/mongoid-2.4.5/lib/mongoid/cursor.rb:48:in `each'
	from /Users/sbusso/.rvm/gems/ruby-1.9.3-p0/gems/mongoid-2.4.5/lib/mongoid/contexts/mongo.rb:261:in `iterate'
	from /Users/sbusso/.rvm/gems/ruby-1.9.3-p0/gems/mongoid-2.4.5/lib/mongoid/criteria.rb:145:in `block in each'
	from /Users/sbusso/.rvm/gems/ruby-1.9.3-p0/gems/mongoid-2.4.5/lib/mongoid/criteria.rb:145:in `tap'
	from /Users/sbusso/.rvm/gems/ruby-1.9.3-p0/gems/mongoid-2.4.5/lib/mongoid/criteria.rb:145:in `each'
	from lib/twitter_streamer/pool.rb:30:in `start'
	from /Users/sbusso/.rvm/gems/ruby-1.9.3-p0/gems/daemon-spawn-0.4.2/lib/daemon_spawn.rb:51:in `block in start'
	from /Users/sbusso/.rvm/gems/ruby-1.9.3-p0/gems/daemon-spawn-0.4.2/lib/daemon_spawn.rb:38:in `fork'
	from /Users/sbusso/.rvm/gems/ruby-1.9.3-p0/gems/daemon-spawn-0.4.2/lib/daemon_spawn.rb:38:in `start'
	from /Users/sbusso/.rvm/gems/ruby-1.9.3-p0/gems/daemon-spawn-0.4.2/lib/daemon_spawn.rb:181:in `block in start'
	from /Users/sbusso/.rvm/gems/ruby-1.9.3-p0/gems/daemon-spawn-0.4.2/lib/daemon_spawn.rb:181:in `map'
	from /Users/sbusso/.rvm/gems/ruby-1.9.3-p0/gems/daemon-spawn-0.4.2/lib/daemon_spawn.rb:181:in `start'
	from /Users/sbusso/.rvm/gems/ruby-1.9.3-p0/gems/daemon-spawn-0.4.2/lib/daemon_spawn.rb:165:in `spawn!'
	from lib/twitter_streamer/pool.rb:57:in `<main>'
/Users/sbusso/.rvm/gems/ruby-1.9.3-p0/gems/eventmachine-1.0.0.beta.4/lib/eventmachine.rb:516:in `start_tcp_server': no acceptor (port is in use or requires root privileges) (RuntimeError)
	from /Users/sbusso/.rvm/gems/ruby-1.9.3-p0/gems/eventmachine-1.0.0.beta.4/lib/eventmachine.rb:516:in `start_server'
	from lib/twitter_streamer/pool.rb:40:in `block in start'
	from /Users/sbusso/.rvm/gems/ruby-1.9.3-p0/gems/eventmachine-1.0.0.beta.4/lib/eventmachine.rb:179:in `call'
	from /Users/sbusso/.rvm/gems/ruby-1.9.3-p0/gems/eventmachine-1.0.0.beta.4/lib/eventmachine.rb:179:in `run_machine'
	from /Users/sbusso/.rvm/gems/ruby-1.9.3-p0/gems/eventmachine-1.0.0.beta.4/lib/eventmachine.rb:179:in `run'
	from lib/twitter_streamer/pool.rb:35:in `start'
	from /Users/sbusso/.rvm/gems/ruby-1.9.3-p0/gems/daemon-spawn-0.4.2/lib/daemon_spawn.rb:51:in `block in start'
	from /Users/sbusso/.rvm/gems/ruby-1.9.3-p0/gems/daemon-spawn-0.4.2/lib/daemon_spawn.rb:38:in `fork'
	from /Users/sbusso/.rvm/gems/ruby-1.9.3-p0/gems/daemon-spawn-0.4.2/lib/daemon_spawn.rb:38:in `start'
	from /Users/sbusso/.rvm/gems/ruby-1.9.3-p0/gems/daemon-spawn-0.4.2/lib/daemon_spawn.rb:181:in `block in start'
	from /Users/sbusso/.rvm/gems/ruby-1.9.3-p0/gems/daemon-spawn-0.4.2/lib/daemon_spawn.rb:181:in `map'
	from /Users/sbusso/.rvm/gems/ruby-1.9.3-p0/gems/daemon-spawn-0.4.2/lib/daemon_spawn.rb:181:in `start'
	from /Users/sbusso/.rvm/gems/ruby-1.9.3-p0/gems/daemon-spawn-0.4.2/lib/daemon_spawn.rb:165:in `spawn!'
	from lib/twitter_streamer/pool.rb:57:in `<main>'
lib/twitter_streamer/pool.rb:49:in `kill': no implicit conversion from nil to integer (TypeError)
	from lib/twitter_streamer/pool.rb:49:in `block in stop'
	from /Users/sbusso/.rvm/gems/ruby-1.9.3-p0/gems/mongoid-2.4.5/lib/mongoid/contexts/mongo.rb:261:in `block in iterate'
	from /Users/sbusso/.rvm/gems/ruby-1.9.3-p0/gems/mongoid-2.4.5/lib/mongoid/cursor.rb:50:in `block in each'
	from /Users/sbusso/.rvm/gems/ruby-1.9.3-p0/gems/mongoid-2.4.5/lib/mongoid/collections/retry.rb:29:in `retry_on_connection_failure'
	from /Users/sbusso/.rvm/gems/ruby-1.9.3-p0/gems/mongoid-2.4.5/lib/mongoid/cursor.rb:48:in `each'
	from /Users/sbusso/.rvm/gems/ruby-1.9.3-p0/gems/mongoid-2.4.5/lib/mongoid/contexts/mongo.rb:261:in `iterate'
	from /Users/sbusso/.rvm/gems/ruby-1.9.3-p0/gems/mongoid-2.4.5/lib/mongoid/criteria.rb:145:in `block in each'
	from /Users/sbusso/.rvm/gems/ruby-1.9.3-p0/gems/mongoid-2.4.5/lib/mongoid/criteria.rb:145:in `tap'
	from /Users/sbusso/.rvm/gems/ruby-1.9.3-p0/gems/mongoid-2.4.5/lib/mongoid/criteria.rb:145:in `each'
	from lib/twitter_streamer/pool.rb:48:in `stop'
	from /Users/sbusso/.rvm/gems/ruby-1.9.3-p0/gems/daemon-spawn-0.4.2/lib/daemon_spawn.rb:50:in `block (2 levels) in start'
	from /Users/sbusso/.rvm/gems/ruby-1.9.3-p0/gems/eventmachine-1.0.0.beta.4/lib/eventmachine.rb:179:in `call'
	from /Users/sbusso/.rvm/gems/ruby-1.9.3-p0/gems/eventmachine-1.0.0.beta.4/lib/eventmachine.rb:179:in `run_machine'
	from /Users/sbusso/.rvm/gems/ruby-1.9.3-p0/gems/eventmachine-1.0.0.beta.4/lib/eventmachine.rb:179:in `run'
	from /Users/sbusso/.rvm/gems/ruby-1.9.3-p0/gems/tweetstream-1.1.4/lib/tweetstream/client.rb:316:in `start'
	from /Users/sbusso/.rvm/gems/ruby-1.9.3-p0/gems/tweetstream-1.1.4/lib/tweetstream/client.rb:127:in `userstream'
	from /Users/sbusso/Dropbox/workspace/twitter_streamer/lib/twitter_streamer/worker.rb:49:in `perform'
	from /Users/sbusso/Dropbox/workspace/twitter_streamer/lib/twitter_streamer/worker.rb:53:in `block in start'
	from /Users/sbusso/Dropbox/workspace/twitter_streamer/lib/twitter_streamer/worker.rb:53:in `fork'
	from /Users/sbusso/Dropbox/workspace/twitter_streamer/lib/twitter_streamer/worker.rb:53:in `start'
	from lib/twitter_streamer/pool.rb:31:in `block in start'
	from /Users/sbusso/.rvm/gems/ruby-1.9.3-p0/gems/mongoid-2.4.5/lib/mongoid/contexts/mongo.rb:261:in `block in iterate'
	from /Users/sbusso/.rvm/gems/ruby-1.9.3-p0/gems/mongoid-2.4.5/lib/mongoid/cursor.rb:50:in `block in each'
	from /Users/sbusso/.rvm/gems/ruby-1.9.3-p0/gems/mongoid-2.4.5/lib/mongoid/collections/retry.rb:29:in `retry_on_connection_failure'
	from /Users/sbusso/.rvm/gems/ruby-1.9.3-p0/gems/mongoid-2.4.5/lib/mongoid/cursor.rb:48:in `each'
	from /Users/sbusso/.rvm/gems/ruby-1.9.3-p0/gems/mongoid-2.4.5/lib/mongoid/contexts/mongo.rb:261:in `iterate'
	from /Users/sbusso/.rvm/gems/ruby-1.9.3-p0/gems/mongoid-2.4.5/lib/mongoid/criteria.rb:145:in `block in each'
	from /Users/sbusso/.rvm/gems/ruby-1.9.3-p0/gems/mongoid-2.4.5/lib/mongoid/criteria.rb:145:in `tap'
	from /Users/sbusso/.rvm/gems/ruby-1.9.3-p0/gems/mongoid-2.4.5/lib/mongoid/criteria.rb:145:in `each'
	from lib/twitter_streamer/pool.rb:30:in `start'
	from /Users/sbusso/.rvm/gems/ruby-1.9.3-p0/gems/daemon-spawn-0.4.2/lib/daemon_spawn.rb:51:in `block in start'
	from /Users/sbusso/.rvm/gems/ruby-1.9.3-p0/gems/daemon-spawn-0.4.2/lib/daemon_spawn.rb:38:in `fork'
	from /Users/sbusso/.rvm/gems/ruby-1.9.3-p0/gems/daemon-spawn-0.4.2/lib/daemon_spawn.rb:38:in `start'
	from /Users/sbusso/.rvm/gems/ruby-1.9.3-p0/gems/daemon-spawn-0.4.2/lib/daemon_spawn.rb:181:in `block in start'
	from /Users/sbusso/.rvm/gems/ruby-1.9.3-p0/gems/daemon-spawn-0.4.2/lib/daemon_spawn.rb:181:in `map'
	from /Users/sbusso/.rvm/gems/ruby-1.9.3-p0/gems/daemon-spawn-0.4.2/lib/daemon_spawn.rb:181:in `start'
	from /Users/sbusso/.rvm/gems/ruby-1.9.3-p0/gems/daemon-spawn-0.4.2/lib/daemon_spawn.rb:165:in `spawn!'
	from lib/twitter_streamer/pool.rb:57:in `<main>'
lib/twitter_streamer/pool.rb:49:in `kill': no implicit conversion from nil to integer (TypeError)
	from lib/twitter_streamer/pool.rb:49:in `block in stop'
	from /Users/sbusso/.rvm/gems/ruby-1.9.3-p0/gems/mongoid-2.4.5/lib/mongoid/contexts/mongo.rb:261:in `block in iterate'
	from /Users/sbusso/.rvm/gems/ruby-1.9.3-p0/gems/mongoid-2.4.5/lib/mongoid/cursor.rb:50:in `block in each'
	from /Users/sbusso/.rvm/gems/ruby-1.9.3-p0/gems/mongoid-2.4.5/lib/mongoid/collections/retry.rb:29:in `retry_on_connection_failure'
	from /Users/sbusso/.rvm/gems/ruby-1.9.3-p0/gems/mongoid-2.4.5/lib/mongoid/cursor.rb:48:in `each'
	from /Users/sbusso/.rvm/gems/ruby-1.9.3-p0/gems/mongoid-2.4.5/lib/mongoid/contexts/mongo.rb:261:in `iterate'
	from /Users/sbusso/.rvm/gems/ruby-1.9.3-p0/gems/mongoid-2.4.5/lib/mongoid/criteria.rb:145:in `block in each'
	from /Users/sbusso/.rvm/gems/ruby-1.9.3-p0/gems/mongoid-2.4.5/lib/mongoid/criteria.rb:145:in `tap'
	from /Users/sbusso/.rvm/gems/ruby-1.9.3-p0/gems/mongoid-2.4.5/lib/mongoid/criteria.rb:145:in `each'
	from lib/twitter_streamer/pool.rb:48:in `stop'
	from /Users/sbusso/.rvm/gems/ruby-1.9.3-p0/gems/daemon-spawn-0.4.2/lib/daemon_spawn.rb:50:in `block (2 levels) in start'
	from /Users/sbusso/.rvm/gems/ruby-1.9.3-p0/gems/eventmachine-1.0.0.beta.4/lib/eventmachine.rb:179:in `call'
	from /Users/sbusso/.rvm/gems/ruby-1.9.3-p0/gems/eventmachine-1.0.0.beta.4/lib/eventmachine.rb:179:in `run_machine'
	from /Users/sbusso/.rvm/gems/ruby-1.9.3-p0/gems/eventmachine-1.0.0.beta.4/lib/eventmachine.rb:179:in `run'
	from /Users/sbusso/.rvm/gems/ruby-1.9.3-p0/gems/tweetstream-1.1.4/lib/tweetstream/client.rb:316:in `start'
	from /Users/sbusso/.rvm/gems/ruby-1.9.3-p0/gems/tweetstream-1.1.4/lib/tweetstream/client.rb:127:in `userstream'
	from /Users/sbusso/Dropbox/workspace/twitter_streamer/lib/twitter_streamer/worker.rb:49:in `perform'
	from /Users/sbusso/Dropbox/workspace/twitter_streamer/lib/twitter_streamer/worker.rb:53:in `block in start'
	from /Users/sbusso/Dropbox/workspace/twitter_streamer/lib/twitter_streamer/worker.rb:53:in `fork'
	from /Users/sbusso/Dropbox/workspace/twitter_streamer/lib/twitter_streamer/worker.rb:53:in `start'
	from lib/twitter_streamer/pool.rb:31:in `block in start'
	from /Users/sbusso/.rvm/gems/ruby-1.9.3-p0/gems/mongoid-2.4.5/lib/mongoid/contexts/mongo.rb:261:in `block in iterate'
	from /Users/sbusso/.rvm/gems/ruby-1.9.3-p0/gems/mongoid-2.4.5/lib/mongoid/cursor.rb:50:in `block in each'
	from /Users/sbusso/.rvm/gems/ruby-1.9.3-p0/gems/mongoid-2.4.5/lib/mongoid/collections/retry.rb:29:in `retry_on_connection_failure'
	from /Users/sbusso/.rvm/gems/ruby-1.9.3-p0/gems/mongoid-2.4.5/lib/mongoid/cursor.rb:48:in `each'
	from /Users/sbusso/.rvm/gems/ruby-1.9.3-p0/gems/mongoid-2.4.5/lib/mongoid/contexts/mongo.rb:261:in `iterate'
	from /Users/sbusso/.rvm/gems/ruby-1.9.3-p0/gems/mongoid-2.4.5/lib/mongoid/criteria.rb:145:in `block in each'
	from /Users/sbusso/.rvm/gems/ruby-1.9.3-p0/gems/mongoid-2.4.5/lib/mongoid/criteria.rb:145:in `tap'
	from /Users/sbusso/.rvm/gems/ruby-1.9.3-p0/gems/mongoid-2.4.5/lib/mongoid/criteria.rb:145:in `each'
	from lib/twitter_streamer/pool.rb:30:in `start'
	from /Users/sbusso/.rvm/gems/ruby-1.9.3-p0/gems/daemon-spawn-0.4.2/lib/daemon_spawn.rb:51:in `block in start'
	from /Users/sbusso/.rvm/gems/ruby-1.9.3-p0/gems/daemon-spawn-0.4.2/lib/daemon_spawn.rb:38:in `fork'
	from /Users/sbusso/.rvm/gems/ruby-1.9.3-p0/gems/daemon-spawn-0.4.2/lib/daemon_spawn.rb:38:in `start'
	from /Users/sbusso/.rvm/gems/ruby-1.9.3-p0/gems/daemon-spawn-0.4.2/lib/daemon_spawn.rb:181:in `block in start'
	from /Users/sbusso/.rvm/gems/ruby-1.9.3-p0/gems/daemon-spawn-0.4.2/lib/daemon_spawn.rb:181:in `map'
	from /Users/sbusso/.rvm/gems/ruby-1.9.3-p0/gems/daemon-spawn-0.4.2/lib/daemon_spawn.rb:181:in `start'
	from /Users/sbusso/.rvm/gems/ruby-1.9.3-p0/gems/daemon-spawn-0.4.2/lib/daemon_spawn.rb:165:in `spawn!'
	from lib/twitter_streamer/pool.rb:57:in `<main>'
/Users/sbusso/.rvm/gems/ruby-1.9.3-p0/gems/eventmachine-1.0.0.beta.4/lib/eventmachine.rb:516:in `start_tcp_server': no acceptor (port is in use or requires root privileges) (RuntimeError)
	from /Users/sbusso/.rvm/gems/ruby-1.9.3-p0/gems/eventmachine-1.0.0.beta.4/lib/eventmachine.rb:516:in `start_server'
	from lib/twitter_streamer/pool.rb:40:in `block in start'
	from /Users/sbusso/.rvm/gems/ruby-1.9.3-p0/gems/eventmachine-1.0.0.beta.4/lib/eventmachine.rb:179:in `call'
	from /Users/sbusso/.rvm/gems/ruby-1.9.3-p0/gems/eventmachine-1.0.0.beta.4/lib/eventmachine.rb:179:in `run_machine'
	from /Users/sbusso/.rvm/gems/ruby-1.9.3-p0/gems/eventmachine-1.0.0.beta.4/lib/eventmachine.rb:179:in `run'
	from lib/twitter_streamer/pool.rb:35:in `start'
	from /Users/sbusso/.rvm/gems/ruby-1.9.3-p0/gems/daemon-spawn-0.4.2/lib/daemon_spawn.rb:51:in `block in start'
	from /Users/sbusso/.rvm/gems/ruby-1.9.3-p0/gems/daemon-spawn-0.4.2/lib/daemon_spawn.rb:38:in `fork'
	from /Users/sbusso/.rvm/gems/ruby-1.9.3-p0/gems/daemon-spawn-0.4.2/lib/daemon_spawn.rb:38:in `start'
	from /Users/sbusso/.rvm/gems/ruby-1.9.3-p0/gems/daemon-spawn-0.4.2/lib/daemon_spawn.rb:181:in `block in start'
	from /Users/sbusso/.rvm/gems/ruby-1.9.3-p0/gems/daemon-spawn-0.4.2/lib/daemon_spawn.rb:181:in `map'
	from /Users/sbusso/.rvm/gems/ruby-1.9.3-p0/gems/daemon-spawn-0.4.2/lib/daemon_spawn.rb:181:in `start'
	from /Users/sbusso/.rvm/gems/ruby-1.9.3-p0/gems/daemon-spawn-0.4.2/lib/daemon_spawn.rb:165:in `spawn!'
	from lib/twitter_streamer/pool.rb:57:in `<main>'
/Users/sbusso/.rvm/gems/ruby-1.9.3-p0/gems/mongoid-2.4.5/lib/mongoid/criteria.rb:208: stack level too deep (SystemStackError)
/Users/sbusso/.rvm/gems/ruby-1.9.3-p0/gems/eventmachine-1.0.0.beta.4/lib/eventmachine.rb:516:in `start_tcp_server': no acceptor (port is in use or requires root privileges) (RuntimeError)
	from /Users/sbusso/.rvm/gems/ruby-1.9.3-p0/gems/eventmachine-1.0.0.beta.4/lib/eventmachine.rb:516:in `start_server'
	from lib/twitter_streamer/pool.rb:40:in `block in start'
	from /Users/sbusso/.rvm/gems/ruby-1.9.3-p0/gems/eventmachine-1.0.0.beta.4/lib/eventmachine.rb:179:in `call'
	from /Users/sbusso/.rvm/gems/ruby-1.9.3-p0/gems/eventmachine-1.0.0.beta.4/lib/eventmachine.rb:179:in `run_machine'
	from /Users/sbusso/.rvm/gems/ruby-1.9.3-p0/gems/eventmachine-1.0.0.beta.4/lib/eventmachine.rb:179:in `run'
	from lib/twitter_streamer/pool.rb:35:in `start'
	from /Users/sbusso/.rvm/gems/ruby-1.9.3-p0/gems/daemon-spawn-0.4.2/lib/daemon_spawn.rb:51:in `block in start'
	from /Users/sbusso/.rvm/gems/ruby-1.9.3-p0/gems/daemon-spawn-0.4.2/lib/daemon_spawn.rb:38:in `fork'
	from /Users/sbusso/.rvm/gems/ruby-1.9.3-p0/gems/daemon-spawn-0.4.2/lib/daemon_spawn.rb:38:in `start'
	from /Users/sbusso/.rvm/gems/ruby-1.9.3-p0/gems/daemon-spawn-0.4.2/lib/daemon_spawn.rb:181:in `block in start'
	from /Users/sbusso/.rvm/gems/ruby-1.9.3-p0/gems/daemon-spawn-0.4.2/lib/daemon_spawn.rb:181:in `map'
	from /Users/sbusso/.rvm/gems/ruby-1.9.3-p0/gems/daemon-spawn-0.4.2/lib/daemon_spawn.rb:181:in `start'
	from /Users/sbusso/.rvm/gems/ruby-1.9.3-p0/gems/daemon-spawn-0.4.2/lib/daemon_spawn.rb:165:in `spawn!'
	from lib/twitter_streamer/pool.rb:57:in `<main>'
lib/twitter_streamer/pool.rb:49:in `kill': no implicit conversion from nil to integer (TypeError)
	from lib/twitter_streamer/pool.rb:49:in `block in stop'
	from /Users/sbusso/.rvm/gems/ruby-1.9.3-p0/gems/mongoid-2.4.5/lib/mongoid/contexts/mongo.rb:261:in `block in iterate'
	from /Users/sbusso/.rvm/gems/ruby-1.9.3-p0/gems/mongoid-2.4.5/lib/mongoid/cursor.rb:50:in `block in each'
	from /Users/sbusso/.rvm/gems/ruby-1.9.3-p0/gems/mongoid-2.4.5/lib/mongoid/collections/retry.rb:29:in `retry_on_connection_failure'
	from /Users/sbusso/.rvm/gems/ruby-1.9.3-p0/gems/mongoid-2.4.5/lib/mongoid/cursor.rb:48:in `each'
	from /Users/sbusso/.rvm/gems/ruby-1.9.3-p0/gems/mongoid-2.4.5/lib/mongoid/contexts/mongo.rb:261:in `iterate'
	from /Users/sbusso/.rvm/gems/ruby-1.9.3-p0/gems/mongoid-2.4.5/lib/mongoid/criteria.rb:145:in `block in each'
	from /Users/sbusso/.rvm/gems/ruby-1.9.3-p0/gems/mongoid-2.4.5/lib/mongoid/criteria.rb:145:in `tap'
	from /Users/sbusso/.rvm/gems/ruby-1.9.3-p0/gems/mongoid-2.4.5/lib/mongoid/criteria.rb:145:in `each'
	from lib/twitter_streamer/pool.rb:48:in `stop'
	from /Users/sbusso/.rvm/gems/ruby-1.9.3-p0/gems/daemon-spawn-0.4.2/lib/daemon_spawn.rb:50:in `block (2 levels) in start'
	from /Users/sbusso/.rvm/gems/ruby-1.9.3-p0/gems/eventmachine-1.0.0.beta.4/lib/eventmachine.rb:179:in `call'
	from /Users/sbusso/.rvm/gems/ruby-1.9.3-p0/gems/eventmachine-1.0.0.beta.4/lib/eventmachine.rb:179:in `run_machine'
	from /Users/sbusso/.rvm/gems/ruby-1.9.3-p0/gems/eventmachine-1.0.0.beta.4/lib/eventmachine.rb:179:in `run'
	from /Users/sbusso/.rvm/gems/ruby-1.9.3-p0/gems/tweetstream-1.1.4/lib/tweetstream/client.rb:316:in `start'
	from /Users/sbusso/.rvm/gems/ruby-1.9.3-p0/gems/tweetstream-1.1.4/lib/tweetstream/client.rb:127:in `userstream'
	from /Users/sbusso/Dropbox/workspace/twitter_streamer/lib/twitter_streamer/worker.rb:49:in `perform'
	from /Users/sbusso/Dropbox/workspace/twitter_streamer/lib/twitter_streamer/worker.rb:53:in `block in start'
	from /Users/sbusso/Dropbox/workspace/twitter_streamer/lib/twitter_streamer/worker.rb:53:in `fork'
	from /Users/sbusso/Dropbox/workspace/twitter_streamer/lib/twitter_streamer/worker.rb:53:in `start'
	from lib/twitter_streamer/pool.rb:31:in `block in start'
	from /Users/sbusso/.rvm/gems/ruby-1.9.3-p0/gems/mongoid-2.4.5/lib/mongoid/contexts/mongo.rb:261:in `block in iterate'
	from /Users/sbusso/.rvm/gems/ruby-1.9.3-p0/gems/mongoid-2.4.5/lib/mongoid/cursor.rb:50:in `block in each'
	from /Users/sbusso/.rvm/gems/ruby-1.9.3-p0/gems/mongoid-2.4.5/lib/mongoid/collections/retry.rb:29:in `retry_on_connection_failure'
	from /Users/sbusso/.rvm/gems/ruby-1.9.3-p0/gems/mongoid-2.4.5/lib/mongoid/cursor.rb:48:in `each'
	from /Users/sbusso/.rvm/gems/ruby-1.9.3-p0/gems/mongoid-2.4.5/lib/mongoid/contexts/mongo.rb:261:in `iterate'
	from /Users/sbusso/.rvm/gems/ruby-1.9.3-p0/gems/mongoid-2.4.5/lib/mongoid/criteria.rb:145:in `block in each'
	from /Users/sbusso/.rvm/gems/ruby-1.9.3-p0/gems/mongoid-2.4.5/lib/mongoid/criteria.rb:145:in `tap'
	from /Users/sbusso/.rvm/gems/ruby-1.9.3-p0/gems/mongoid-2.4.5/lib/mongoid/criteria.rb:145:in `each'
	from lib/twitter_streamer/pool.rb:30:in `start'
	from /Users/sbusso/.rvm/gems/ruby-1.9.3-p0/gems/daemon-spawn-0.4.2/lib/daemon_spawn.rb:51:in `block in start'
	from /Users/sbusso/.rvm/gems/ruby-1.9.3-p0/gems/daemon-spawn-0.4.2/lib/daemon_spawn.rb:38:in `fork'
	from /Users/sbusso/.rvm/gems/ruby-1.9.3-p0/gems/daemon-spawn-0.4.2/lib/daemon_spawn.rb:38:in `start'
	from /Users/sbusso/.rvm/gems/ruby-1.9.3-p0/gems/daemon-spawn-0.4.2/lib/daemon_spawn.rb:181:in `block in start'
	from /Users/sbusso/.rvm/gems/ruby-1.9.3-p0/gems/daemon-spawn-0.4.2/lib/daemon_spawn.rb:181:in `map'
	from /Users/sbusso/.rvm/gems/ruby-1.9.3-p0/gems/daemon-spawn-0.4.2/lib/daemon_spawn.rb:181:in `start'
	from /Users/sbusso/.rvm/gems/ruby-1.9.3-p0/gems/daemon-spawn-0.4.2/lib/daemon_spawn.rb:165:in `spawn!'
	from lib/twitter_streamer/pool.rb:57:in `<main>'
lib/twitter_streamer/pool.rb:49:in `kill': no implicit conversion from nil to integer (TypeError)
	from lib/twitter_streamer/pool.rb:49:in `block in stop'
	from /Users/sbusso/.rvm/gems/ruby-1.9.3-p0/gems/mongoid-2.4.5/lib/mongoid/contexts/mongo.rb:261:in `block in iterate'
	from /Users/sbusso/.rvm/gems/ruby-1.9.3-p0/gems/mongoid-2.4.5/lib/mongoid/cursor.rb:50:in `block in each'
	from /Users/sbusso/.rvm/gems/ruby-1.9.3-p0/gems/mongoid-2.4.5/lib/mongoid/collections/retry.rb:29:in `retry_on_connection_failure'
	from /Users/sbusso/.rvm/gems/ruby-1.9.3-p0/gems/mongoid-2.4.5/lib/mongoid/cursor.rb:48:in `each'
	from /Users/sbusso/.rvm/gems/ruby-1.9.3-p0/gems/mongoid-2.4.5/lib/mongoid/contexts/mongo.rb:261:in `iterate'
	from /Users/sbusso/.rvm/gems/ruby-1.9.3-p0/gems/mongoid-2.4.5/lib/mongoid/criteria.rb:145:in `block in each'
	from /Users/sbusso/.rvm/gems/ruby-1.9.3-p0/gems/mongoid-2.4.5/lib/mongoid/criteria.rb:145:in `tap'
	from /Users/sbusso/.rvm/gems/ruby-1.9.3-p0/gems/mongoid-2.4.5/lib/mongoid/criteria.rb:145:in `each'
	from lib/twitter_streamer/pool.rb:48:in `stop'
	from /Users/sbusso/.rvm/gems/ruby-1.9.3-p0/gems/daemon-spawn-0.4.2/lib/daemon_spawn.rb:50:in `block (2 levels) in start'
	from /Users/sbusso/.rvm/gems/ruby-1.9.3-p0/gems/eventmachine-1.0.0.beta.4/lib/eventmachine.rb:179:in `call'
	from /Users/sbusso/.rvm/gems/ruby-1.9.3-p0/gems/eventmachine-1.0.0.beta.4/lib/eventmachine.rb:179:in `run_machine'
	from /Users/sbusso/.rvm/gems/ruby-1.9.3-p0/gems/eventmachine-1.0.0.beta.4/lib/eventmachine.rb:179:in `run'
	from /Users/sbusso/.rvm/gems/ruby-1.9.3-p0/gems/tweetstream-1.1.4/lib/tweetstream/client.rb:316:in `start'
	from /Users/sbusso/.rvm/gems/ruby-1.9.3-p0/gems/tweetstream-1.1.4/lib/tweetstream/client.rb:127:in `userstream'
	from /Users/sbusso/Dropbox/workspace/twitter_streamer/lib/twitter_streamer/worker.rb:49:in `perform'
	from /Users/sbusso/Dropbox/workspace/twitter_streamer/lib/twitter_streamer/worker.rb:53:in `block in start'
	from /Users/sbusso/Dropbox/workspace/twitter_streamer/lib/twitter_streamer/worker.rb:53:in `fork'
	from /Users/sbusso/Dropbox/workspace/twitter_streamer/lib/twitter_streamer/worker.rb:53:in `start'
	from lib/twitter_streamer/pool.rb:31:in `block in start'
	from /Users/sbusso/.rvm/gems/ruby-1.9.3-p0/gems/mongoid-2.4.5/lib/mongoid/contexts/mongo.rb:261:in `block in iterate'
	from /Users/sbusso/.rvm/gems/ruby-1.9.3-p0/gems/mongoid-2.4.5/lib/mongoid/cursor.rb:50:in `block in each'
	from /Users/sbusso/.rvm/gems/ruby-1.9.3-p0/gems/mongoid-2.4.5/lib/mongoid/collections/retry.rb:29:in `retry_on_connection_failure'
	from /Users/sbusso/.rvm/gems/ruby-1.9.3-p0/gems/mongoid-2.4.5/lib/mongoid/cursor.rb:48:in `each'
	from /Users/sbusso/.rvm/gems/ruby-1.9.3-p0/gems/mongoid-2.4.5/lib/mongoid/contexts/mongo.rb:261:in `iterate'
	from /Users/sbusso/.rvm/gems/ruby-1.9.3-p0/gems/mongoid-2.4.5/lib/mongoid/criteria.rb:145:in `block in each'
	from /Users/sbusso/.rvm/gems/ruby-1.9.3-p0/gems/mongoid-2.4.5/lib/mongoid/criteria.rb:145:in `tap'
	from /Users/sbusso/.rvm/gems/ruby-1.9.3-p0/gems/mongoid-2.4.5/lib/mongoid/criteria.rb:145:in `each'
	from lib/twitter_streamer/pool.rb:30:in `start'
	from /Users/sbusso/.rvm/gems/ruby-1.9.3-p0/gems/daemon-spawn-0.4.2/lib/daemon_spawn.rb:51:in `block in start'
	from /Users/sbusso/.rvm/gems/ruby-1.9.3-p0/gems/daemon-spawn-0.4.2/lib/daemon_spawn.rb:38:in `fork'
	from /Users/sbusso/.rvm/gems/ruby-1.9.3-p0/gems/daemon-spawn-0.4.2/lib/daemon_spawn.rb:38:in `start'
	from /Users/sbusso/.rvm/gems/ruby-1.9.3-p0/gems/daemon-spawn-0.4.2/lib/daemon_spawn.rb:181:in `block in start'
	from /Users/sbusso/.rvm/gems/ruby-1.9.3-p0/gems/daemon-spawn-0.4.2/lib/daemon_spawn.rb:181:in `map'
	from /Users/sbusso/.rvm/gems/ruby-1.9.3-p0/gems/daemon-spawn-0.4.2/lib/daemon_spawn.rb:181:in `start'
	from /Users/sbusso/.rvm/gems/ruby-1.9.3-p0/gems/daemon-spawn-0.4.2/lib/daemon_spawn.rb:165:in `spawn!'
	from lib/twitter_streamer/pool.rb:57:in `<main>'
/Users/sbusso/.rvm/gems/ruby-1.9.3-p0/gems/eventmachine-1.0.0.beta.4/lib/eventmachine.rb:516:in `start_tcp_server': no acceptor (port is in use or requires root privileges) (RuntimeError)
	from /Users/sbusso/.rvm/gems/ruby-1.9.3-p0/gems/eventmachine-1.0.0.beta.4/lib/eventmachine.rb:516:in `start_server'
	from lib/twitter_streamer/pool.rb:40:in `block in start'
	from /Users/sbusso/.rvm/gems/ruby-1.9.3-p0/gems/eventmachine-1.0.0.beta.4/lib/eventmachine.rb:179:in `call'
	from /Users/sbusso/.rvm/gems/ruby-1.9.3-p0/gems/eventmachine-1.0.0.beta.4/lib/eventmachine.rb:179:in `run_machine'
	from /Users/sbusso/.rvm/gems/ruby-1.9.3-p0/gems/eventmachine-1.0.0.beta.4/lib/eventmachine.rb:179:in `run'
	from lib/twitter_streamer/pool.rb:35:in `start'
	from /Users/sbusso/.rvm/gems/ruby-1.9.3-p0/gems/daemon-spawn-0.4.2/lib/daemon_spawn.rb:51:in `block in start'
	from /Users/sbusso/.rvm/gems/ruby-1.9.3-p0/gems/daemon-spawn-0.4.2/lib/daemon_spawn.rb:38:in `fork'
	from /Users/sbusso/.rvm/gems/ruby-1.9.3-p0/gems/daemon-spawn-0.4.2/lib/daemon_spawn.rb:38:in `start'
	from /Users/sbusso/.rvm/gems/ruby-1.9.3-p0/gems/daemon-spawn-0.4.2/lib/daemon_spawn.rb:181:in `block in start'
	from /Users/sbusso/.rvm/gems/ruby-1.9.3-p0/gems/daemon-spawn-0.4.2/lib/daemon_spawn.rb:181:in `map'
	from /Users/sbusso/.rvm/gems/ruby-1.9.3-p0/gems/daemon-spawn-0.4.2/lib/daemon_spawn.rb:181:in `start'
	from /Users/sbusso/.rvm/gems/ruby-1.9.3-p0/gems/daemon-spawn-0.4.2/lib/daemon_spawn.rb:165:in `spawn!'
	from lib/twitter_streamer/pool.rb:57:in `<main>'
lib/twitter_streamer/pool.rb:49:in `kill': no implicit conversion from nil to integer (TypeError)
	from lib/twitter_streamer/pool.rb:49:in `block in stop'
	from /Users/sbusso/.rvm/gems/ruby-1.9.3-p0/gems/mongoid-2.4.5/lib/mongoid/contexts/mongo.rb:261:in `block in iterate'
	from /Users/sbusso/.rvm/gems/ruby-1.9.3-p0/gems/mongoid-2.4.5/lib/mongoid/cursor.rb:50:in `block in each'
	from /Users/sbusso/.rvm/gems/ruby-1.9.3-p0/gems/mongoid-2.4.5/lib/mongoid/collections/retry.rb:29:in `retry_on_connection_failure'
	from /Users/sbusso/.rvm/gems/ruby-1.9.3-p0/gems/mongoid-2.4.5/lib/mongoid/cursor.rb:48:in `each'
	from /Users/sbusso/.rvm/gems/ruby-1.9.3-p0/gems/mongoid-2.4.5/lib/mongoid/contexts/mongo.rb:261:in `iterate'
	from /Users/sbusso/.rvm/gems/ruby-1.9.3-p0/gems/mongoid-2.4.5/lib/mongoid/criteria.rb:145:in `block in each'
	from /Users/sbusso/.rvm/gems/ruby-1.9.3-p0/gems/mongoid-2.4.5/lib/mongoid/criteria.rb:145:in `tap'
	from /Users/sbusso/.rvm/gems/ruby-1.9.3-p0/gems/mongoid-2.4.5/lib/mongoid/criteria.rb:145:in `each'
	from lib/twitter_streamer/pool.rb:48:in `stop'
	from /Users/sbusso/.rvm/gems/ruby-1.9.3-p0/gems/daemon-spawn-0.4.2/lib/daemon_spawn.rb:50:in `block (2 levels) in start'
	from /Users/sbusso/.rvm/gems/ruby-1.9.3-p0/gems/eventmachine-1.0.0.beta.4/lib/eventmachine.rb:179:in `call'
	from /Users/sbusso/.rvm/gems/ruby-1.9.3-p0/gems/eventmachine-1.0.0.beta.4/lib/eventmachine.rb:179:in `run_machine'
	from /Users/sbusso/.rvm/gems/ruby-1.9.3-p0/gems/eventmachine-1.0.0.beta.4/lib/eventmachine.rb:179:in `run'
	from /Users/sbusso/.rvm/gems/ruby-1.9.3-p0/gems/tweetstream-1.1.4/lib/tweetstream/client.rb:316:in `start'
	from /Users/sbusso/.rvm/gems/ruby-1.9.3-p0/gems/tweetstream-1.1.4/lib/tweetstream/client.rb:127:in `userstream'
	from /Users/sbusso/Dropbox/workspace/twitter_streamer/lib/twitter_streamer/worker.rb:49:in `perform'
	from /Users/sbusso/Dropbox/workspace/twitter_streamer/lib/twitter_streamer/worker.rb:53:in `block in start'
	from /Users/sbusso/Dropbox/workspace/twitter_streamer/lib/twitter_streamer/worker.rb:53:in `fork'
	from /Users/sbusso/Dropbox/workspace/twitter_streamer/lib/twitter_streamer/worker.rb:53:in `start'
	from lib/twitter_streamer/pool.rb:31:in `block in start'
	from /Users/sbusso/.rvm/gems/ruby-1.9.3-p0/gems/mongoid-2.4.5/lib/mongoid/contexts/mongo.rb:261:in `block in iterate'
	from /Users/sbusso/.rvm/gems/ruby-1.9.3-p0/gems/mongoid-2.4.5/lib/mongoid/cursor.rb:50:in `block in each'
	from /Users/sbusso/.rvm/gems/ruby-1.9.3-p0/gems/mongoid-2.4.5/lib/mongoid/collections/retry.rb:29:in `retry_on_connection_failure'
	from /Users/sbusso/.rvm/gems/ruby-1.9.3-p0/gems/mongoid-2.4.5/lib/mongoid/cursor.rb:48:in `each'
	from /Users/sbusso/.rvm/gems/ruby-1.9.3-p0/gems/mongoid-2.4.5/lib/mongoid/contexts/mongo.rb:261:in `iterate'
	from /Users/sbusso/.rvm/gems/ruby-1.9.3-p0/gems/mongoid-2.4.5/lib/mongoid/criteria.rb:145:in `block in each'
	from /Users/sbusso/.rvm/gems/ruby-1.9.3-p0/gems/mongoid-2.4.5/lib/mongoid/criteria.rb:145:in `tap'
	from /Users/sbusso/.rvm/gems/ruby-1.9.3-p0/gems/mongoid-2.4.5/lib/mongoid/criteria.rb:145:in `each'
	from lib/twitter_streamer/pool.rb:30:in `start'
	from /Users/sbusso/.rvm/gems/ruby-1.9.3-p0/gems/daemon-spawn-0.4.2/lib/daemon_spawn.rb:51:in `block in start'
	from /Users/sbusso/.rvm/gems/ruby-1.9.3-p0/gems/daemon-spawn-0.4.2/lib/daemon_spawn.rb:38:in `fork'
	from /Users/sbusso/.rvm/gems/ruby-1.9.3-p0/gems/daemon-spawn-0.4.2/lib/daemon_spawn.rb:38:in `start'
	from /Users/sbusso/.rvm/gems/ruby-1.9.3-p0/gems/daemon-spawn-0.4.2/lib/daemon_spawn.rb:181:in `block in start'
	from /Users/sbusso/.rvm/gems/ruby-1.9.3-p0/gems/daemon-spawn-0.4.2/lib/daemon_spawn.rb:181:in `map'
	from /Users/sbusso/.rvm/gems/ruby-1.9.3-p0/gems/daemon-spawn-0.4.2/lib/daemon_spawn.rb:181:in `start'
	from /Users/sbusso/.rvm/gems/ruby-1.9.3-p0/gems/daemon-spawn-0.4.2/lib/daemon_spawn.rb:165:in `spawn!'
	from lib/twitter_streamer/pool.rb:57:in `<main>'
lib/twitter_streamer/pool.rb:49:in `kill': no implicit conversion from nil to integer (TypeError)
	from lib/twitter_streamer/pool.rb:49:in `block in stop'
	from /Users/sbusso/.rvm/gems/ruby-1.9.3-p0/gems/mongoid-2.4.5/lib/mongoid/contexts/mongo.rb:261:in `block in iterate'
	from /Users/sbusso/.rvm/gems/ruby-1.9.3-p0/gems/mongoid-2.4.5/lib/mongoid/cursor.rb:50:in `block in each'
	from /Users/sbusso/.rvm/gems/ruby-1.9.3-p0/gems/mongoid-2.4.5/lib/mongoid/collections/retry.rb:29:in `retry_on_connection_failure'
	from /Users/sbusso/.rvm/gems/ruby-1.9.3-p0/gems/mongoid-2.4.5/lib/mongoid/cursor.rb:48:in `each'
	from /Users/sbusso/.rvm/gems/ruby-1.9.3-p0/gems/mongoid-2.4.5/lib/mongoid/contexts/mongo.rb:261:in `iterate'
	from /Users/sbusso/.rvm/gems/ruby-1.9.3-p0/gems/mongoid-2.4.5/lib/mongoid/criteria.rb:145:in `block in each'
	from /Users/sbusso/.rvm/gems/ruby-1.9.3-p0/gems/mongoid-2.4.5/lib/mongoid/criteria.rb:145:in `tap'
	from /Users/sbusso/.rvm/gems/ruby-1.9.3-p0/gems/mongoid-2.4.5/lib/mongoid/criteria.rb:145:in `each'
	from lib/twitter_streamer/pool.rb:48:in `stop'
	from /Users/sbusso/.rvm/gems/ruby-1.9.3-p0/gems/daemon-spawn-0.4.2/lib/daemon_spawn.rb:50:in `block (2 levels) in start'
	from /Users/sbusso/.rvm/gems/ruby-1.9.3-p0/gems/eventmachine-1.0.0.beta.4/lib/eventmachine.rb:179:in `call'
	from /Users/sbusso/.rvm/gems/ruby-1.9.3-p0/gems/eventmachine-1.0.0.beta.4/lib/eventmachine.rb:179:in `run_machine'
	from /Users/sbusso/.rvm/gems/ruby-1.9.3-p0/gems/eventmachine-1.0.0.beta.4/lib/eventmachine.rb:179:in `run'
	from /Users/sbusso/.rvm/gems/ruby-1.9.3-p0/gems/tweetstream-1.1.4/lib/tweetstream/client.rb:316:in `start'
	from /Users/sbusso/.rvm/gems/ruby-1.9.3-p0/gems/tweetstream-1.1.4/lib/tweetstream/client.rb:127:in `userstream'
	from /Users/sbusso/Dropbox/workspace/twitter_streamer/lib/twitter_streamer/worker.rb:49:in `perform'
	from /Users/sbusso/Dropbox/workspace/twitter_streamer/lib/twitter_streamer/worker.rb:53:in `block in start'
	from /Users/sbusso/Dropbox/workspace/twitter_streamer/lib/twitter_streamer/worker.rb:53:in `fork'
	from /Users/sbusso/Dropbox/workspace/twitter_streamer/lib/twitter_streamer/worker.rb:53:in `start'
	from lib/twitter_streamer/pool.rb:31:in `block in start'
	from /Users/sbusso/.rvm/gems/ruby-1.9.3-p0/gems/mongoid-2.4.5/lib/mongoid/contexts/mongo.rb:261:in `block in iterate'
	from /Users/sbusso/.rvm/gems/ruby-1.9.3-p0/gems/mongoid-2.4.5/lib/mongoid/cursor.rb:50:in `block in each'
	from /Users/sbusso/.rvm/gems/ruby-1.9.3-p0/gems/mongoid-2.4.5/lib/mongoid/collections/retry.rb:29:in `retry_on_connection_failure'
	from /Users/sbusso/.rvm/gems/ruby-1.9.3-p0/gems/mongoid-2.4.5/lib/mongoid/cursor.rb:48:in `each'
	from /Users/sbusso/.rvm/gems/ruby-1.9.3-p0/gems/mongoid-2.4.5/lib/mongoid/contexts/mongo.rb:261:in `iterate'
	from /Users/sbusso/.rvm/gems/ruby-1.9.3-p0/gems/mongoid-2.4.5/lib/mongoid/criteria.rb:145:in `block in each'
	from /Users/sbusso/.rvm/gems/ruby-1.9.3-p0/gems/mongoid-2.4.5/lib/mongoid/criteria.rb:145:in `tap'
	from /Users/sbusso/.rvm/gems/ruby-1.9.3-p0/gems/mongoid-2.4.5/lib/mongoid/criteria.rb:145:in `each'
	from lib/twitter_streamer/pool.rb:30:in `start'
	from /Users/sbusso/.rvm/gems/ruby-1.9.3-p0/gems/daemon-spawn-0.4.2/lib/daemon_spawn.rb:51:in `block in start'
	from /Users/sbusso/.rvm/gems/ruby-1.9.3-p0/gems/daemon-spawn-0.4.2/lib/daemon_spawn.rb:38:in `fork'
	from /Users/sbusso/.rvm/gems/ruby-1.9.3-p0/gems/daemon-spawn-0.4.2/lib/daemon_spawn.rb:38:in `start'
	from /Users/sbusso/.rvm/gems/ruby-1.9.3-p0/gems/daemon-spawn-0.4.2/lib/daemon_spawn.rb:181:in `block in start'
	from /Users/sbusso/.rvm/gems/ruby-1.9.3-p0/gems/daemon-spawn-0.4.2/lib/daemon_spawn.rb:181:in `map'
	from /Users/sbusso/.rvm/gems/ruby-1.9.3-p0/gems/daemon-spawn-0.4.2/lib/daemon_spawn.rb:181:in `start'
	from /Users/sbusso/.rvm/gems/ruby-1.9.3-p0/gems/daemon-spawn-0.4.2/lib/daemon_spawn.rb:165:in `spawn!'
	from lib/twitter_streamer/pool.rb:57:in `<main>'
/Users/sbusso/.rvm/gems/ruby-1.9.3-p0/gems/mongo-1.6.0/lib/mongo/connection.rb:405:in `connect': Failed to connect to a master node at localhost:27017 (Mongo::ConnectionFailure)
	from /Users/sbusso/.rvm/gems/ruby-1.9.3-p0/gems/mongo-1.6.0/lib/mongo/connection.rb:555:in `setup'
	from /Users/sbusso/.rvm/gems/ruby-1.9.3-p0/gems/mongo-1.6.0/lib/mongo/connection.rb:104:in `initialize'
	from lib/twitter_streamer/pool.rb:26:in `new'
	from lib/twitter_streamer/pool.rb:26:in `start'
	from /Users/sbusso/.rvm/gems/ruby-1.9.3-p0/gems/daemon-spawn-0.4.2/lib/daemon_spawn.rb:51:in `block in start'
	from /Users/sbusso/.rvm/gems/ruby-1.9.3-p0/gems/daemon-spawn-0.4.2/lib/daemon_spawn.rb:38:in `fork'
	from /Users/sbusso/.rvm/gems/ruby-1.9.3-p0/gems/daemon-spawn-0.4.2/lib/daemon_spawn.rb:38:in `start'
	from /Users/sbusso/.rvm/gems/ruby-1.9.3-p0/gems/daemon-spawn-0.4.2/lib/daemon_spawn.rb:181:in `block in start'
	from /Users/sbusso/.rvm/gems/ruby-1.9.3-p0/gems/daemon-spawn-0.4.2/lib/daemon_spawn.rb:181:in `map'
	from /Users/sbusso/.rvm/gems/ruby-1.9.3-p0/gems/daemon-spawn-0.4.2/lib/daemon_spawn.rb:181:in `start'
	from /Users/sbusso/.rvm/gems/ruby-1.9.3-p0/gems/daemon-spawn-0.4.2/lib/daemon_spawn.rb:165:in `spawn!'
	from lib/twitter_streamer/pool.rb:57:in `<main>'
/Users/sbusso/.rvm/gems/ruby-1.9.3-p0/gems/eventmachine-1.0.0.beta.4/lib/eventmachine.rb:516:in `start_tcp_server': no acceptor (port is in use or requires root privileges) (RuntimeError)
	from /Users/sbusso/.rvm/gems/ruby-1.9.3-p0/gems/eventmachine-1.0.0.beta.4/lib/eventmachine.rb:516:in `start_server'
	from lib/twitter_streamer/pool.rb:40:in `block in start'
	from /Users/sbusso/.rvm/gems/ruby-1.9.3-p0/gems/eventmachine-1.0.0.beta.4/lib/eventmachine.rb:179:in `call'
	from /Users/sbusso/.rvm/gems/ruby-1.9.3-p0/gems/eventmachine-1.0.0.beta.4/lib/eventmachine.rb:179:in `run_machine'
	from /Users/sbusso/.rvm/gems/ruby-1.9.3-p0/gems/eventmachine-1.0.0.beta.4/lib/eventmachine.rb:179:in `run'
	from lib/twitter_streamer/pool.rb:35:in `start'
	from /Users/sbusso/.rvm/gems/ruby-1.9.3-p0/gems/daemon-spawn-0.4.2/lib/daemon_spawn.rb:51:in `block in start'
	from /Users/sbusso/.rvm/gems/ruby-1.9.3-p0/gems/daemon-spawn-0.4.2/lib/daemon_spawn.rb:38:in `fork'
	from /Users/sbusso/.rvm/gems/ruby-1.9.3-p0/gems/daemon-spawn-0.4.2/lib/daemon_spawn.rb:38:in `start'
	from /Users/sbusso/.rvm/gems/ruby-1.9.3-p0/gems/daemon-spawn-0.4.2/lib/daemon_spawn.rb:181:in `block in start'
	from /Users/sbusso/.rvm/gems/ruby-1.9.3-p0/gems/daemon-spawn-0.4.2/lib/daemon_spawn.rb:181:in `map'
	from /Users/sbusso/.rvm/gems/ruby-1.9.3-p0/gems/daemon-spawn-0.4.2/lib/daemon_spawn.rb:181:in `start'
	from /Users/sbusso/.rvm/gems/ruby-1.9.3-p0/gems/daemon-spawn-0.4.2/lib/daemon_spawn.rb:165:in `spawn!'
	from lib/twitter_streamer/pool.rb:57:in `<main>'
